Arguments: 
  /snap/node/7392/bin/node /snap/node/7392/bin/yarn.js global dir --json

PATH: 
  /home/leandro/.console-ninja/.bin:/usr/local/sbin:/usr/local/bin:/usr/sbin:/usr/bin:/sbin:/bin:/usr/games:/usr/local/games:/snap/bin:/snap/bin

Yarn version: 
  1.22.19

Node version: 
  18.16.0

Platform: 
  linux x64

Trace: 
  Error: EACCES: permission denied, write
      at writeSync (node:fs:934:3)
      at SyncWriteStream._write (node:internal/fs/sync_write_stream:26:3)
      at writeOrBuffer (node:internal/streams/writable:392:12)
      at _write (node:internal/streams/writable:333:10)
      at Writable.write (node:internal/streams/writable:337:10)
      at JSONReporter._dump (/snap/node/7392/lib/cli.js:49577:12)
      at JSONReporter.log (/snap/node/7392/lib/cli.js:49605:10)
      at dir (/snap/node/7392/lib/cli.js:36307:14)
      at Object.<anonymous> (/snap/node/7392/lib/cli.js:25987:25)
      at Generator.next (<anonymous>)

npm manifest: 
  {
      "name": "birthdayreminder-back",
      "version": "1.0.0",
      "description": "birth day reminder webapp",
      "type": "module",
      "main": "index.js",
      "scripts": {
          "dev": "nodemon --watch \"./devServer.ts\" --ext \"ts\" --exec \"ts-node-esm ./devServer.ts\"",
          "test": "jest"
      },
      "keywords": [],
      "author": "Leandro Roldán",
      "license": "ISC",
      "dependencies": {
          "@sendgrid/mail": "^7.7.0",
          "cors": "^2.8.5",
          "date-fns": "^2.30.0",
          "dotenv": "^16.0.3",
          "express": "^4.18.2",
          "express-validator": "^7.0.1",
          "jsonwebtoken": "^9.0.0",
          "mongoose": "^7.2.0",
          "random-seed": "^0.3.0",
          "ts-node": "^10.9.1",
          "typescript": "^5.0.4"
      },
      "devDependencies": {
          "@types/express": "^4.17.17",
          "@types/jest": "^29.5.1",
          "@types/node": "^20.2.1",
          "@typescript-eslint/eslint-plugin": "^5.59.6",
          "@typescript-eslint/parser": "^5.59.6",
          "eslint": "^8.40.0",
          "jest": "^29.5.0",
          "nodemon": "^2.0.22",
          "supertest": "^6.3.3",
          "ts-jest": "^29.1.0"
      },
      "jest": {
          "preset": "ts-jest",
          "testEnvironment": "node",
          "collectCoverage": true,
          "coveragePathIgnorePatterns": [
              "/node_modules/",
              "/test/",
              "/dist/"
          ]
      }
  }

yarn manifest: 
  No manifest

Lockfile: 
  No lockfile
